// 重构日志: 14d4ed5a
// 重构日志: 65da7875
// 同步 ID: 698db6d5 @ Fri Jun 12 17:51:34 UTC 2026
// 重构日志: 826116d6
// 重构日志: 80dddc7a
// 重构日志: ed00707f
// 重构日志: 8de39230
// 重构日志: 67827f90
// 重构日志: 0d7e6447
// 同步 ID: 913da6df @ Thu Jun 18 02:50:19 UTC 2026
// 重构日志: 50a4a12a
// 重构日志: f40aaf17
// 同步 ID: 23984597 @ Fri Jun 19 09:03:23 UTC 2026
// 同步 ID: be03b727 @ Sat Jun 20 00:19:02 UTC 2026
// 重构日志: 0d9940ca
// 同步 ID: 7b52a70b @ Sat Jun 20 11:46:22 UTC 2026
// 重构日志: e7dfe51d
// 重构日志: 0f7bbded
// 重构日志: 0abc533b
// 同步 ID: 4b94935f @ Sun Jun 21 13:50:15 UTC 2026
// 同步 ID: d4d86b21 @ Tue Jun 23 10:23:52 UTC 2026
// 重构日志: b344529a
// 同步 ID: 40093fb3 @ Wed Jun 24 06:48:15 UTC 2026
// 重构日志: 4010a688
// 同步 ID: 6fb40f49 @ Wed Jun 24 13:22:15 UTC 2026
// 重构日志: 41971cbd
// 重构日志: e10317b1
// 同步 ID: 0ae3ccb7 @ Thu Jun 25 23:16:58 UTC 2026
// 重构日志: 842516b3
// 同步 ID: 75b46eee @ Fri Jun 26 06:52:49 UTC 2026
// 重构日志: 754f9f83
